   Compiling libc v0.2.178
   Compiling cfg-if v1.0.4
   Compiling proc-macro2 v1.0.103
   Compiling quote v1.0.42
   Compiling unicode-ident v1.0.22
   Compiling typenum v1.19.0
   Compiling version_check v0.9.5
   Compiling memchr v2.7.6
   Compiling regex-syntax v0.8.8
   Compiling serde_core v1.0.228
   Compiling autocfg v1.5.0
   Compiling libm v0.2.15
   Compiling generic-array v0.14.7
   Compiling num-traits v0.2.19
   Compiling aho-corasick v1.1.4
   Compiling subtle v2.6.1
   Compiling serde v1.0.228
   Compiling syn v2.0.111
   Compiling getrandom v0.3.4
   Compiling getrandom v0.2.16
   Compiling once_cell v1.21.3
   Compiling rand_core v0.6.4
   Compiling zerocopy v0.8.31
   Compiling crypto-common v0.1.7
   Compiling regex-automata v0.4.13
   Compiling ryu v1.0.20
   Compiling anstyle v1.0.13
   Compiling shlex v1.3.0
   Compiling find-msvc-tools v0.1.5
   Compiling cpufeatures v0.2.17
   Compiling itoa v1.0.15
   Compiling crossbeam-utils v0.8.21
   Compiling cc v1.2.49
   Compiling inout v0.1.4
   Compiling block-buffer v0.10.4
   Compiling serde_json v1.0.145
   Compiling utf8parse v0.2.2
   Compiling digest v0.10.7
   Compiling anstyle-parse v0.2.7
   Compiling cipher v0.4.4
   Compiling universal-hash v0.5.1
   Compiling colorchoice v1.0.4
   Compiling futures-sink v0.3.31
   Compiling lazy_static v1.5.0
   Compiling opaque-debug v0.3.1
   Compiling semver v1.0.27
   Compiling rustix v1.1.2
   Compiling portable-atomic v1.11.1
   Compiling ring v0.17.14
   Compiling futures-core v0.3.31
   Compiling is_terminal_polyfill v1.70.2
   Compiling unicode-width v0.2.2
   Compiling anstyle-query v1.1.5
   Compiling anstream v0.6.21
   Compiling futures-channel v0.3.31
   Compiling console v0.15.11
   Compiling ppv-lite86 v0.2.21
   Compiling rustc_version v0.4.1
   Compiling crossbeam-epoch v0.9.18
   Compiling polyval v0.6.2
   Compiling rand_chacha v0.3.1
   Compiling regex v1.12.2
   Compiling heck v0.5.0
   Compiling linux-raw-sys v0.11.0
   Compiling anyhow v1.0.100
   Compiling equivalent v1.0.2
   Compiling pin-project-lite v0.2.16
   Compiling strsim v0.11.1
   Compiling same-file v1.0.6
   Compiling either v1.15.0
   Compiling slab v0.4.11
   Compiling option-ext v0.2.0
   Compiling thiserror v1.0.69
   Compiling futures-task v0.3.31
   Compiling pin-utils v0.1.0
   Compiling clap_lex v0.7.6
   Compiling rayon-core v1.12.1
   Compiling bitflags v2.10.0
   Compiling futures-io v0.3.31
   Compiling hashbrown v0.14.5
   Compiling clap_builder v4.5.53
   Compiling dirs-sys v0.4.1
   Compiling walkdir v2.5.0
   Compiling serde_derive v1.0.228
   Compiling futures-macro v0.3.31
   Compiling thiserror-impl v1.0.69
   Compiling indexmap v2.2.6
   Compiling clap_derive v4.5.49
   Compiling futures-util v0.3.31
   Compiling rand v0.8.5
   Compiling ghash v0.5.1
   Compiling rstest_macros v0.18.2
   Compiling crossbeam-deque v0.8.6
   Compiling aes v0.8.4
   Compiling ctr v0.9.2
   Compiling hmac v0.12.1
   Compiling aead v0.5.2
   Compiling wait-timeout v0.2.1
   Compiling atty v0.2.14
   Compiling unicode-width v0.1.14
   Compiling untrusted v0.9.0
   Compiling fastrand v2.3.0
   Compiling predicates-core v1.0.9
   Compiling costpilot v1.0.0 (/home/dee/workspace/AI/GuardSuite/CostPilot)
   Compiling plotters-backend v0.3.7
   Compiling unsafe-libyaml v0.2.11
   Compiling iana-time-zone v0.1.64
   Compiling number_prefix v0.4.0
   Compiling plotters-svg v0.3.7
   Compiling indicatif v0.17.11
   Compiling tempfile v3.23.0
   Compiling clap v4.5.53
   Compiling textwrap v0.11.0
   Compiling aes-gcm v0.10.3
   Compiling hkdf v0.12.4
   Compiling chrono v0.4.42
   Compiling serde_yaml v0.9.34+deprecated
   Compiling futures-executor v0.3.31
   Compiling dirs v5.0.1
   Compiling itertools v0.10.5
   Compiling test-case-core v3.3.1
   Compiling colored v2.2.0
   Compiling sha2 v0.10.9
   Compiling uuid v1.19.0
   Compiling float-cmp v0.10.0
   Compiling csv-core v0.1.13
   Compiling hex v0.4.3
   Compiling cast v0.3.0
   Compiling log v0.4.29
   Compiling relative-path v1.9.3
   Compiling termtree v0.5.1
   Compiling quick-error v1.2.3
   Compiling bitflags v1.3.2
   Compiling glob v0.3.3
   Compiling bit-vec v0.6.3
   Compiling fnv v1.0.7
   Compiling normalize-line-endings v0.3.0
   Compiling half v1.8.3
   Compiling difflib v0.4.0
   Compiling assert_cmd v2.1.1
   Compiling criterion-plot v0.4.5
   Compiling bit-set v0.5.3
   Compiling predicates v3.1.3
   Compiling serde_cbor v0.11.2
   Compiling rusty-fork v0.3.1
   Compiling predicates-tree v1.0.12
   Compiling clap v2.34.0
   Compiling env_logger v0.8.4
   Compiling csv v1.4.0
   Compiling test-case-macros v3.3.1
   Compiling rayon v1.10.0
   Compiling futures v0.3.31
   Compiling tinytemplate v1.2.1
   Compiling plotters v0.3.7
   Compiling bstr v1.12.1
   Compiling rand_xorshift v0.3.0
   Compiling yansi v1.0.1
   Compiling diff v0.1.13
   Compiling oorandom v11.1.5
   Compiling unarray v0.1.4
   Compiling similar v2.7.0
   Compiling futures-timer v3.0.3
   Compiling deunicode v1.6.2
   Compiling fake v2.10.0
   Compiling proptest v1.4.0
   Compiling insta v1.44.3
   Compiling pretty_assertions v1.4.1
   Compiling test-case v3.3.1
   Compiling quickcheck v1.0.3
   Compiling rstest v0.18.2
   Compiling criterion v0.3.6
warning: unused imports: `ProjectUsage`, `UsageContext`, and `UserUsage`
 --> src/engines/metering/chargeback.rs:3:63
  |
3 | use crate::engines::metering::usage_meter::{TeamUsageSummary, UserUsage, ProjectUsage, UsageContext};
  |                                                               ^^^^^^^^^  ^^^^^^^^^^^^  ^^^^^^^^^^^^
  |
  = note: `#[warn(unused_imports)]` (part of `#[warn(unused)]`) on by default

warning: unused import: `std::time::Duration`
 --> src/engines/metering/chargeback.rs:7:5
  |
7 | use std::time::Duration;
  |     ^^^^^^^^^^^^^^^^^^^

warning: unused import: `chrono::Utc`
 --> src/engines/metering/chargeback.rs:8:5
  |
8 | use chrono::Utc;
  |     ^^^^^^^^^^^

warning: unused import: `UsageContext`
 --> src/engines/metering/pr_tracker.rs:3:58
  |
3 | use crate::engines::metering::usage_meter::{Attribution, UsageContext, UsageEvent, UsageEventType};
  |                                                          ^^^^^^^^^^^^

warning: unused import: `Duration`
 --> src/engines/performance/budgets.rs:5:17
  |
5 | use std::time::{Duration, Instant};
  |                 ^^^^^^^^

warning: unused import: `chrono::Utc`
 --> src/engines/policy/exemption_ci.rs:4:5
  |
4 | use chrono::Utc;
  |     ^^^^^^^^^^^

warning: unused import: `std::collections::HashMap`
 --> src/engines/policy/metadata_engine.rs:7:5
  |
7 | use std::collections::HashMap;
  |     ^^^^^^^^^^^^^^^^^^^^^^^^^

warning: unused import: `std::collections::HashMap`
 --> src/engines/policy/policy_engine.rs:8:5
  |
8 | use std::collections::HashMap;
  |     ^^^^^^^^^^^^^^^^^^^^^^^^^

warning: unused import: `std::collections::HashMap`
  --> src/engines/slo/burn_rate.rs:23:5
   |
23 | use std::collections::HashMap;
   |     ^^^^^^^^^^^^^^^^^^^^^^^^^

warning: use of deprecated field `engines::shared::models::CostEstimate::monthly`: Use monthly_cost instead
   --> src/cli/scan.rs:179:17
    |
179 |                 monthly: None,
    |                 ^^^^^^^^^^^^^
    |
    = note: `#[warn(deprecated)]` on by default

warning: use of deprecated field `engines::shared::models::CostEstimate::yearly`: Use monthly_cost * 12 instead
   --> src/cli/scan.rs:180:17
    |
180 |                 yearly: None,
    |                 ^^^^^^^^^^^^

warning: use of deprecated field `engines::shared::models::CostEstimate::estimate`: Use monthly_cost instead
   --> src/cli/scan.rs:183:17
    |
183 |                 estimate: None,
    |                 ^^^^^^^^^^^^^^

warning: use of deprecated field `engines::shared::models::CostEstimate::lower`: Use prediction_interval_low instead
   --> src/cli/scan.rs:184:17
    |
184 |                 lower: None,
    |                 ^^^^^^^^^^^

warning: use of deprecated field `engines::shared::models::CostEstimate::upper`: Use prediction_interval_high instead
   --> src/cli/scan.rs:185:17
    |
185 |                 upper: None,
    |                 ^^^^^^^^^^^

warning: use of deprecated field `engines::shared::models::CostEstimate::confidence`: Use confidence_score instead
   --> src/cli/scan.rs:186:17
    |
186 |                 confidence: None,
    |                 ^^^^^^^^^^^^^^^^

warning: use of deprecated field `engines::shared::models::CostEstimate::monthly`: Use monthly_cost instead
   --> src/cli/scan.rs:279:17
    |
279 |                 monthly: None,
    |                 ^^^^^^^^^^^^^

warning: use of deprecated field `engines::shared::models::CostEstimate::yearly`: Use monthly_cost * 12 instead
   --> src/cli/scan.rs:280:17
    |
280 |                 yearly: None,
    |                 ^^^^^^^^^^^^

warning: use of deprecated field `engines::shared::models::CostEstimate::estimate`: Use monthly_cost instead
   --> src/cli/scan.rs:283:17
    |
283 |                 estimate: None,
    |                 ^^^^^^^^^^^^^^

warning: use of deprecated field `engines::shared::models::CostEstimate::lower`: Use prediction_interval_low instead
   --> src/cli/scan.rs:284:17
    |
284 |                 lower: None,
    |                 ^^^^^^^^^^^

warning: use of deprecated field `engines::shared::models::CostEstimate::upper`: Use prediction_interval_high instead
   --> src/cli/scan.rs:285:17
    |
285 |                 upper: None,
    |                 ^^^^^^^^^^^

warning: use of deprecated field `engines::shared::models::CostEstimate::confidence`: Use confidence_score instead
   --> src/cli/scan.rs:286:17
    |
286 |                 confidence: None,
    |                 ^^^^^^^^^^^^^^^^

warning: use of deprecated field `engines::shared::models::ResourceChange::before`: Use old_config instead
  --> src/cli/utils.rs:86:9
   |
86 |         before: None,
   |         ^^^^^^^^^^^^

warning: use of deprecated field `engines::shared::models::ResourceChange::after`: Use new_config instead
  --> src/cli/utils.rs:87:9
   |
87 |         after: None,
   |         ^^^^^^^^^^^

warning: use of deprecated field `engines::shared::models::Detection::resource_type`: Detection no longer stores resource_type directly
   --> src/engines/detection/detection_engine.rs:132:17
    |
132 |                 resource_type: None,
    |                 ^^^^^^^^^^^^^^^^^^^

warning: use of deprecated field `engines::shared::models::Detection::issue`: Use message instead
   --> src/engines/detection/detection_engine.rs:133:17
    |
133 |                 issue: None,
    |                 ^^^^^^^^^^^

warning: use of deprecated field `engines::shared::models::Detection::confidence`: Use confidence_score instead
   --> src/engines/detection/detection_engine.rs:134:17
    |
134 |                 confidence: None,
    |                 ^^^^^^^^^^^^^^^^

warning: use of deprecated field `engines::shared::models::Detection::monthly_cost`: Use estimated_cost instead
   --> src/engines/detection/detection_engine.rs:135:17
    |
135 |                 monthly_cost: None,
    |                 ^^^^^^^^^^^^^^^^^^

warning: use of deprecated field `engines::shared::models::Detection::resource_type`: Detection no longer stores resource_type directly
   --> src/engines/detection/detection_engine.rs:156:29
    |
156 | ...                   resource_type: None,
    |                       ^^^^^^^^^^^^^^^^^^^

warning: use of deprecated field `engines::shared::models::Detection::issue`: Use message instead
   --> src/engines/detection/detection_engine.rs:157:29
    |
157 | ...                   issue: None,
    |                       ^^^^^^^^^^^

warning: use of deprecated field `engines::shared::models::Detection::confidence`: Use confidence_score instead
   --> src/engines/detection/detection_engine.rs:158:29
    |
158 | ...                   confidence: None,
    |                       ^^^^^^^^^^^^^^^^

warning: use of deprecated field `engines::shared::models::Detection::monthly_cost`: Use estimated_cost instead
   --> src/engines/detection/detection_engine.rs:159:29
    |
159 | ...                   monthly_cost: None,
    |                       ^^^^^^^^^^^^^^^^^^

warning: use of deprecated field `engines::shared::models::Detection::resource_type`: Detection no longer stores resource_type directly
   --> src/engines/detection/detection_engine.rs:179:25
    |
179 |                         resource_type: None,
    |                         ^^^^^^^^^^^^^^^^^^^

warning: use of deprecated field `engines::shared::models::Detection::issue`: Use message instead
   --> src/engines/detection/detection_engine.rs:180:25
    |
180 |                         issue: None,
    |                         ^^^^^^^^^^^

warning: use of deprecated field `engines::shared::models::Detection::confidence`: Use confidence_score instead
   --> src/engines/detection/detection_engine.rs:181:25
    |
181 |                         confidence: None,
    |                         ^^^^^^^^^^^^^^^^

warning: use of deprecated field `engines::shared::models::Detection::monthly_cost`: Use estimated_cost instead
   --> src/engines/detection/detection_engine.rs:182:25
    |
182 |                         monthly_cost: None,
    |                         ^^^^^^^^^^^^^^^^^^

warning: use of deprecated field `engines::shared::models::Detection::resource_type`: Detection no longer stores resource_type directly
   --> src/engines/detection/detection_engine.rs:202:17
    |
202 |                 resource_type: None,
    |                 ^^^^^^^^^^^^^^^^^^^

warning: use of deprecated field `engines::shared::models::Detection::issue`: Use message instead
   --> src/engines/detection/detection_engine.rs:203:17
    |
203 |                 issue: None,
    |                 ^^^^^^^^^^^

warning: use of deprecated field `engines::shared::models::Detection::confidence`: Use confidence_score instead
   --> src/engines/detection/detection_engine.rs:204:17
    |
204 |                 confidence: None,
    |                 ^^^^^^^^^^^^^^^^

warning: use of deprecated field `engines::shared::models::Detection::monthly_cost`: Use estimated_cost instead
   --> src/engines/detection/detection_engine.rs:205:17
    |
205 |                 monthly_cost: None,
    |                 ^^^^^^^^^^^^^^^^^^

warning: use of deprecated field `engines::shared::models::ResourceChange::before`: Use old_config instead
  --> src/engines/detection/terraform/parser.rs:77:17
   |
77 |                 before: None,
   |                 ^^^^^^^^^^^^

warning: use of deprecated field `engines::shared::models::ResourceChange::after`: Use new_config instead
  --> src/engines/detection/terraform/parser.rs:78:17
   |
78 |                 after: None,
   |                 ^^^^^^^^^^^

warning: unused import: `CostEstimate`
   --> src/engines/autofix/autofix_engine.rs:160:56
    |
160 |     use crate::engines::shared::models::{ChangeAction, CostEstimate, RegressionType, Severity};
    |                                                        ^^^^^^^^^^^^
    |
    = note: `#[warn(unused_imports)]` (part of `#[warn(unused)]`) on by default

warning: unused import: `serde_json::json`
   --> src/engines/autofix/autofix_engine.rs:161:9
    |
161 |     use serde_json::json;
    |         ^^^^^^^^^^^^^^^^

warning: unused import: `std::collections::HashMap`
   --> src/engines/autofix/autofix_engine.rs:162:9
    |
162 |     use std::collections::HashMap;
    |         ^^^^^^^^^^^^^^^^^^^^^^^^^

warning: unused import: `CostEstimate`
   --> src/engines/autofix/snippet_generator.rs:341:56
    |
341 |     use crate::engines::shared::models::{ChangeAction, CostEstimate, RegressionType, Severity};
    |                                                        ^^^^^^^^^^^^

warning: unused import: `serde_json::json`
   --> src/engines/autofix/snippet_generator.rs:342:9
    |
342 |     use serde_json::json;
    |         ^^^^^^^^^^^^^^^^

warning: unused import: `std::collections::HashMap`
   --> src/engines/autofix/snippet_generator.rs:343:9
    |
343 |     use std::collections::HashMap;
    |         ^^^^^^^^^^^^^^^^^^^^^^^^^

warning: unused import: `crate::engines::shared::models::ChangeAction`
   --> src/engines/detection/detection_engine.rs:238:9
    |
238 |     use crate::engines::shared::models::ChangeAction;
    |         ^^^^^^^^^^^^^^^^^^^^^^^^^^^^^^^^^^^^^^^^^^^^

warning: unused import: `std::collections::HashMap`
   --> src/engines/explain/explain_engine.rs:419:9
    |
419 |     use std::collections::HashMap;
    |         ^^^^^^^^^^^^^^^^^^^^^^^^^

warning: unused import: `UsageContext`
 --> src/engines/metering/chargeback.rs:3:88
  |
3 | use crate::engines::metering::usage_meter::{TeamUsageSummary, UserUsage, ProjectUsage, UsageContext};
  |                                                                                        ^^^^^^^^^^^^

warning: unused import: `serde_json::json`
  --> src/engines/prediction/confidence.rs:92:9
   |
92 |     use serde_json::json;
   |         ^^^^^^^^^^^^^^^^

warning: unused import: `std::collections::HashMap`
  --> src/engines/prediction/confidence.rs:93:9
   |
93 |     use std::collections::HashMap;
   |         ^^^^^^^^^^^^^^^^^^^^^^^^^

warning: unused import: `crate::edition::EditionContext`
   --> src/engines/trend/mod.rs:334:9
    |
334 |     use crate::edition::EditionContext;
    |         ^^^^^^^^^^^^^^^^^^^^^^^^^^^^^^

warning: use of deprecated field `engines::shared::models::CostEstimate::monthly`: Use monthly_cost instead
   --> src/engines/prediction/prediction_engine.rs:351:21
    |
351 |                     monthly: None,
    |                     ^^^^^^^^^^^^^

warning: use of deprecated field `engines::shared::models::CostEstimate::yearly`: Use monthly_cost * 12 instead
   --> src/engines/prediction/prediction_engine.rs:352:21
    |
352 |                     yearly: None,
    |                     ^^^^^^^^^^^^

warning: use of deprecated field `engines::shared::models::CostEstimate::estimate`: Use monthly_cost instead
   --> src/engines/prediction/prediction_engine.rs:355:21
    |
355 |                     estimate: None,
    |                     ^^^^^^^^^^^^^^

warning: use of deprecated field `engines::shared::models::CostEstimate::lower`: Use prediction_interval_low instead
   --> src/engines/prediction/prediction_engine.rs:356:21
    |
356 |                     lower: None,
    |                     ^^^^^^^^^^^

warning: use of deprecated field `engines::shared::models::CostEstimate::upper`: Use prediction_interval_high instead
   --> src/engines/prediction/prediction_engine.rs:357:21
    |
357 |                     upper: None,
    |                     ^^^^^^^^^^^

warning: use of deprecated field `engines::shared::models::CostEstimate::confidence`: Use confidence_score instead
   --> src/engines/prediction/prediction_engine.rs:358:21
    |
358 |                     confidence: None,
    |                     ^^^^^^^^^^^^^^^^

warning: use of deprecated field `engines::shared::models::CostEstimate::monthly`: Use monthly_cost instead
   --> src/engines/prediction/prediction_engine.rs:405:13
    |
405 |             monthly: None,
    |             ^^^^^^^^^^^^^

warning: use of deprecated field `engines::shared::models::CostEstimate::yearly`: Use monthly_cost * 12 instead
   --> src/engines/prediction/prediction_engine.rs:406:13
    |
406 |             yearly: None,
    |             ^^^^^^^^^^^^

warning: use of deprecated field `engines::shared::models::CostEstimate::estimate`: Use monthly_cost instead
   --> src/engines/prediction/prediction_engine.rs:409:13
    |
409 |             estimate: None,
    |             ^^^^^^^^^^^^^^

warning: use of deprecated field `engines::shared::models::CostEstimate::lower`: Use prediction_interval_low instead
   --> src/engines/prediction/prediction_engine.rs:410:13
    |
410 |             lower: None,
    |             ^^^^^^^^^^^

warning: use of deprecated field `engines::shared::models::CostEstimate::upper`: Use prediction_interval_high instead
   --> src/engines/prediction/prediction_engine.rs:411:13
    |
411 |             upper: None,
    |             ^^^^^^^^^^^

warning: use of deprecated field `engines::shared::models::CostEstimate::confidence`: Use confidence_score instead
   --> src/engines/prediction/prediction_engine.rs:412:13
    |
412 |             confidence: None,
    |             ^^^^^^^^^^^^^^^^

warning: use of deprecated field `engines::shared::models::CostEstimate::monthly`: Use monthly_cost instead
   --> src/engines/shared/models.rs:319:13
    |
319 |             monthly: None,
    |             ^^^^^^^^^^^^^

warning: use of deprecated field `engines::shared::models::CostEstimate::yearly`: Use monthly_cost * 12 instead
   --> src/engines/shared/models.rs:320:13
    |
320 |             yearly: None,
    |             ^^^^^^^^^^^^

warning: use of deprecated field `engines::shared::models::CostEstimate::estimate`: Use monthly_cost instead
   --> src/engines/shared/models.rs:323:13
    |
323 |             estimate: None,
    |             ^^^^^^^^^^^^^^

warning: use of deprecated field `engines::shared::models::CostEstimate::lower`: Use prediction_interval_low instead
   --> src/engines/shared/models.rs:324:13
    |
324 |             lower: None,
    |             ^^^^^^^^^^^

warning: use of deprecated field `engines::shared::models::CostEstimate::upper`: Use prediction_interval_high instead
   --> src/engines/shared/models.rs:325:13
    |
325 |             upper: None,
    |             ^^^^^^^^^^^

warning: use of deprecated field `engines::shared::models::CostEstimate::confidence`: Use confidence_score instead
   --> src/engines/shared/models.rs:326:13
    |
326 |             confidence: None,
    |             ^^^^^^^^^^^^^^^^

warning: use of deprecated field `engines::shared::models::CostEstimate::monthly`: Use monthly_cost instead
   --> src/engines/shared/models.rs:344:13
    |
344 |             monthly: None,
    |             ^^^^^^^^^^^^^

warning: use of deprecated field `engines::shared::models::CostEstimate::yearly`: Use monthly_cost * 12 instead
   --> src/engines/shared/models.rs:345:13
    |
345 |             yearly: None,
    |             ^^^^^^^^^^^^

warning: use of deprecated field `engines::shared::models::CostEstimate::estimate`: Use monthly_cost instead
   --> src/engines/shared/models.rs:348:13
    |
348 |             estimate: None,
    |             ^^^^^^^^^^^^^^

warning: use of deprecated field `engines::shared::models::CostEstimate::lower`: Use prediction_interval_low instead
   --> src/engines/shared/models.rs:349:13
    |
349 |             lower: None,
    |             ^^^^^^^^^^^

warning: use of deprecated field `engines::shared::models::CostEstimate::upper`: Use prediction_interval_high instead
   --> src/engines/shared/models.rs:350:13
    |
350 |             upper: None,
    |             ^^^^^^^^^^^

warning: use of deprecated field `engines::shared::models::CostEstimate::confidence`: Use confidence_score instead
   --> src/engines/shared/models.rs:351:13
    |
351 |             confidence: None,
    |             ^^^^^^^^^^^^^^^^

warning: use of deprecated field `engines::shared::models::ResourceChange::before`: Use old_config instead
   --> src/engines/shared/models.rs:467:13
    |
467 |             before: None,
    |             ^^^^^^^^^^^^

warning: use of deprecated field `engines::shared::models::ResourceChange::after`: Use new_config instead
   --> src/engines/shared/models.rs:468:13
    |
468 |             after: None,
    |             ^^^^^^^^^^^

warning: use of deprecated field `engines::shared::models::ResourceChange::before`: Use old_config instead
   --> src/engines/shared/models.rs:491:13
    |
491 |             before: None,
    |             ^^^^^^^^^^^^

warning: use of deprecated field `engines::shared::models::ResourceChange::after`: Use new_config instead
   --> src/engines/shared/models.rs:492:13
    |
492 |             after: None,
    |             ^^^^^^^^^^^

warning: use of deprecated field `engines::shared::models::Detection::resource_type`: Detection no longer stores resource_type directly
   --> src/engines/shared/models.rs:619:13
    |
619 |             resource_type: None,
    |             ^^^^^^^^^^^^^^^^^^^

warning: use of deprecated field `engines::shared::models::Detection::issue`: Use message instead
   --> src/engines/shared/models.rs:620:13
    |
620 |             issue: None,
    |             ^^^^^^^^^^^

warning: use of deprecated field `engines::shared::models::Detection::confidence`: Use confidence_score instead
   --> src/engines/shared/models.rs:621:13
    |
621 |             confidence: None,
    |             ^^^^^^^^^^^^^^^^

warning: use of deprecated field `engines::shared::models::Detection::monthly_cost`: Use estimated_cost instead
   --> src/engines/shared/models.rs:622:13
    |
622 |             monthly_cost: None,
    |             ^^^^^^^^^^^^^^^^^^

warning: use of deprecated field `engines::shared::models::Detection::resource_type`: Detection no longer stores resource_type directly
   --> src/engines/shared/models.rs:651:13
    |
651 |             resource_type: None,
    |             ^^^^^^^^^^^^^^^^^^^

warning: use of deprecated field `engines::shared::models::Detection::issue`: Use message instead
   --> src/engines/shared/models.rs:652:13
    |
652 |             issue: None,
    |             ^^^^^^^^^^^

warning: use of deprecated field `engines::shared::models::Detection::confidence`: Use confidence_score instead
   --> src/engines/shared/models.rs:653:13
    |
653 |             confidence: None,
    |             ^^^^^^^^^^^^^^^^

warning: use of deprecated field `engines::shared::models::Detection::monthly_cost`: Use estimated_cost instead
   --> src/engines/shared/models.rs:654:13
    |
654 |             monthly_cost: None,
    |             ^^^^^^^^^^^^^^^^^^

warning: use of deprecated field `engines::shared::models::Detection::resource_type`: Detection no longer stores resource_type directly
   --> src/engines/autofix/autofix_engine.rs:175:13
    |
175 |             resource_type: None,
    |             ^^^^^^^^^^^^^^^^^^^

warning: use of deprecated field `engines::shared::models::Detection::issue`: Use message instead
   --> src/engines/autofix/autofix_engine.rs:176:13
    |
176 |             issue: None,
    |             ^^^^^^^^^^^

warning: use of deprecated field `engines::shared::models::Detection::confidence`: Use confidence_score instead
   --> src/engines/autofix/autofix_engine.rs:177:13
    |
177 |             confidence: None,
    |             ^^^^^^^^^^^^^^^^

warning: use of deprecated field `engines::shared::models::Detection::monthly_cost`: Use estimated_cost instead
   --> src/engines/autofix/autofix_engine.rs:178:13
    |
178 |             monthly_cost: None,
    |             ^^^^^^^^^^^^^^^^^^

warning: use of deprecated field `engines::shared::models::Detection::resource_type`: Detection no longer stores resource_type directly
   --> src/engines/autofix/autofix_engine.rs:208:13
    |
208 |             resource_type: None,
    |             ^^^^^^^^^^^^^^^^^^^

warning: use of deprecated field `engines::shared::models::Detection::issue`: Use message instead
   --> src/engines/autofix/autofix_engine.rs:209:13
    |
209 |             issue: None,
    |             ^^^^^^^^^^^

warning: use of deprecated field `engines::shared::models::Detection::confidence`: Use confidence_score instead
   --> src/engines/autofix/autofix_engine.rs:210:13
    |
210 |             confidence: None,
    |             ^^^^^^^^^^^^^^^^

warning: use of deprecated field `engines::shared::models::Detection::monthly_cost`: Use estimated_cost instead
   --> src/engines/autofix/autofix_engine.rs:211:13
    |
211 |             monthly_cost: None,
    |             ^^^^^^^^^^^^^^^^^^

warning: use of deprecated field `engines::shared::models::Detection::resource_type`: Detection no longer stores resource_type directly
   --> src/engines/autofix/snippet_generator.rs:364:13
    |
364 |             resource_type: None,
    |             ^^^^^^^^^^^^^^^^^^^

warning: use of deprecated field `engines::shared::models::Detection::issue`: Use message instead
   --> src/engines/autofix/snippet_generator.rs:365:13
    |
365 |             issue: None,
    |             ^^^^^^^^^^^

warning: use of deprecated field `engines::shared::models::Detection::confidence`: Use confidence_score instead
   --> src/engines/autofix/snippet_generator.rs:366:13
    |
366 |             confidence: None,
    |             ^^^^^^^^^^^^^^^^

warning: use of deprecated field `engines::shared::models::Detection::monthly_cost`: Use estimated_cost instead
   --> src/engines/autofix/snippet_generator.rs:367:13
    |
367 |             monthly_cost: None,
    |             ^^^^^^^^^^^^^^^^^^

warning: use of deprecated field `engines::shared::models::Detection::resource_type`: Detection no longer stores resource_type directly
   --> src/engines/autofix/snippet_generator.rs:410:13
    |
410 |             resource_type: None,
    |             ^^^^^^^^^^^^^^^^^^^

warning: use of deprecated field `engines::shared::models::Detection::issue`: Use message instead
   --> src/engines/autofix/snippet_generator.rs:411:13
    |
411 |             issue: None,
    |             ^^^^^^^^^^^

warning: use of deprecated field `engines::shared::models::Detection::confidence`: Use confidence_score instead
   --> src/engines/autofix/snippet_generator.rs:412:13
    |
412 |             confidence: None,
    |             ^^^^^^^^^^^^^^^^

warning: use of deprecated field `engines::shared::models::Detection::monthly_cost`: Use estimated_cost instead
   --> src/engines/autofix/snippet_generator.rs:413:13
    |
413 |             monthly_cost: None,
    |             ^^^^^^^^^^^^^^^^^^

warning: use of deprecated field `engines::shared::models::Detection::resource_type`: Detection no longer stores resource_type directly
   --> src/engines/autofix/snippet_generator.rs:455:13
    |
455 |             resource_type: None,
    |             ^^^^^^^^^^^^^^^^^^^

warning: use of deprecated field `engines::shared::models::Detection::issue`: Use message instead
   --> src/engines/autofix/snippet_generator.rs:456:13
    |
456 |             issue: None,
    |             ^^^^^^^^^^^

warning: use of deprecated field `engines::shared::models::Detection::confidence`: Use confidence_score instead
   --> src/engines/autofix/snippet_generator.rs:457:13
    |
457 |             confidence: None,
    |             ^^^^^^^^^^^^^^^^

warning: use of deprecated field `engines::shared::models::Detection::monthly_cost`: Use estimated_cost instead
   --> src/engines/autofix/snippet_generator.rs:458:13
    |
458 |             monthly_cost: None,
    |             ^^^^^^^^^^^^^^^^^^

warning: use of deprecated field `engines::shared::models::Detection::resource_type`: Detection no longer stores resource_type directly
   --> src/engines/explain/explain_engine.rs:447:13
    |
447 |             resource_type: None,
    |             ^^^^^^^^^^^^^^^^^^^

warning: use of deprecated field `engines::shared::models::Detection::issue`: Use message instead
   --> src/engines/explain/explain_engine.rs:448:13
    |
448 |             issue: None,
    |             ^^^^^^^^^^^

warning: use of deprecated field `engines::shared::models::Detection::confidence`: Use confidence_score instead
   --> src/engines/explain/explain_engine.rs:449:13
    |
449 |             confidence: None,
    |             ^^^^^^^^^^^^^^^^

warning: use of deprecated field `engines::shared::models::Detection::monthly_cost`: Use estimated_cost instead
   --> src/engines/explain/explain_engine.rs:450:13
    |
450 |             monthly_cost: None,
    |             ^^^^^^^^^^^^^^^^^^

warning: use of deprecated field `engines::shared::models::Detection::resource_type`: Detection no longer stores resource_type directly
   --> src/engines/explain/explain_engine.rs:482:17
    |
482 |                 resource_type: None,
    |                 ^^^^^^^^^^^^^^^^^^^

warning: use of deprecated field `engines::shared::models::Detection::issue`: Use message instead
   --> src/engines/explain/explain_engine.rs:483:17
    |
483 |                 issue: None,
    |                 ^^^^^^^^^^^

warning: use of deprecated field `engines::shared::models::Detection::confidence`: Use confidence_score instead
   --> src/engines/explain/explain_engine.rs:484:17
    |
484 |                 confidence: None,
    |                 ^^^^^^^^^^^^^^^^

warning: use of deprecated field `engines::shared::models::Detection::monthly_cost`: Use estimated_cost instead
   --> src/engines/explain/explain_engine.rs:485:17
    |
485 |                 monthly_cost: None,
    |                 ^^^^^^^^^^^^^^^^^^

warning: use of deprecated field `engines::shared::models::Detection::resource_type`: Detection no longer stores resource_type directly
   --> src/engines/explain/explain_engine.rs:496:17
    |
496 |                 resource_type: None,
    |                 ^^^^^^^^^^^^^^^^^^^

warning: use of deprecated field `engines::shared::models::Detection::issue`: Use message instead
   --> src/engines/explain/explain_engine.rs:497:17
    |
497 |                 issue: None,
    |                 ^^^^^^^^^^^

warning: use of deprecated field `engines::shared::models::Detection::confidence`: Use confidence_score instead
   --> src/engines/explain/explain_engine.rs:498:17
    |
498 |                 confidence: None,
    |                 ^^^^^^^^^^^^^^^^

warning: use of deprecated field `engines::shared::models::Detection::monthly_cost`: Use estimated_cost instead
   --> src/engines/explain/explain_engine.rs:499:17
    |
499 |                 monthly_cost: None,
    |                 ^^^^^^^^^^^^^^^^^^

warning: method `Timeout` should have a snake case name
  --> src/errors.rs:34:12
   |
34 |     pub fn Timeout(message: String) -> Self {
   |            ^^^^^^^ help: convert the identifier to snake case: `timeout`
   |
   = note: `#[warn(non_snake_case)]` (part of `#[warn(nonstandard_style)]`) on by default

warning: method `InvalidJson` should have a snake case name
  --> src/errors.rs:38:12
   |
38 |     pub fn InvalidJson(message: String) -> Self {
   |            ^^^^^^^^^^^ help: convert the identifier to snake case: `invalid_json`

warning: method `CircuitBreaker` should have a snake case name
  --> src/errors.rs:42:12
   |
42 |     pub fn CircuitBreaker(message: String) -> Self {
   |            ^^^^^^^^^^^^^^ help: convert the identifier to snake case: `circuit_breaker`

warning: unused variable: `engine`
   --> src/engines/mapping/mod.rs:382:13
    |
382 |         let engine = MappingEngine::new(&EditionContext::free());
    |             ^^^^^^ help: if this is intentional, prefix it with an underscore: `_engine`
    |
    = note: `#[warn(unused_variables)]` (part of `#[warn(unused)]`) on by default

warning: variable does not need to be mutable
   --> src/engines/trend/snapshot_manager.rs:365:13
    |
365 |         let mut snapshot = CostSnapshot::new("test-001".to_string(), -100.0);
    |             ----^^^^^^^^
    |             |
    |             help: remove this `mut`
    |
    = note: `#[warn(unused_mut)]` (part of `#[warn(unused)]`) on by default

warning: variable does not need to be mutable
   --> src/engines/trend/mod.rs:379:13
    |
379 |         let mut current = CostSnapshot::new("current".to_string(), 1300.0);
    |             ----^^^^^^^
    |             |
    |             help: remove this `mut`

warning: comparison is useless due to type limits
   --> src/engines/autofix/autofix_engine.rs:226:17
    |
226 |         assert!(result.patches.len() >= 0);
    |                 ^^^^^^^^^^^^^^^^^^^^^^^^^
    |
    = note: `#[warn(unused_comparisons)]` on by default

warning: `costpilot` (lib) generated 80 warnings (run `cargo fix --lib -p costpilot` to apply 9 suggestions)
warning: unused import: `AutofixMode`
 --> tests/golden_autofix_tests.rs:3:50
  |
3 | use costpilot::engines::autofix::{AutofixEngine, AutofixMode};
  |                                                  ^^^^^^^^^^^
  |
  = note: `#[warn(unused_imports)]` (part of `#[warn(unused)]`) on by default

warning: unused imports: `ChangeAction` and `ResourceChange`
 --> tests/golden_autofix_tests.rs:4:63
  |
4 | use costpilot::engines::shared::models::{Detection, Severity, ChangeAction, ResourceChange};
  |                                                               ^^^^^^^^^^^^  ^^^^^^^^^^^^^^

warning: unused import: `serde_json::json`
 --> tests/golden_autofix_tests.rs:5:5
  |
5 | use serde_json::json;
  |     ^^^^^^^^^^^^^^^^

warning: unused variable: `detection`
  --> tests/golden_autofix_tests.rs:10:9
   |
10 |     let detection = Detection::builder()
   |         ^^^^^^^^^ help: if this is intentional, prefix it with an underscore: `_detection`
   |
   = note: `#[warn(unused_variables)]` (part of `#[warn(unused)]`) on by default

warning: unused variable: `engine`
  --> tests/golden_autofix_tests.rs:18:9
   |
18 |     let engine = AutofixEngine::new();
   |         ^^^^^^ help: if this is intentional, prefix it with an underscore: `_engine`

warning: unused variable: `detection`
  --> tests/golden_autofix_tests.rs:27:9
   |
27 |     let detection = Detection::builder()
   |         ^^^^^^^^^ help: if this is intentional, prefix it with an underscore: `_detection`

warning: unused variable: `engine`
  --> tests/golden_autofix_tests.rs:35:9
   |
35 |     let engine = AutofixEngine::new();
   |         ^^^^^^ help: if this is intentional, prefix it with an underscore: `_engine`

warning: unused variable: `detection`
  --> tests/golden_autofix_tests.rs:44:9
   |
44 |     let detection = Detection::builder()
   |         ^^^^^^^^^ help: if this is intentional, prefix it with an underscore: `_detection`

warning: unused variable: `engine`
  --> tests/golden_autofix_tests.rs:52:9
   |
52 |     let engine = AutofixEngine::new();
   |         ^^^^^^ help: if this is intentional, prefix it with an underscore: `_engine`

warning: unused variable: `detection`
  --> tests/golden_autofix_tests.rs:61:9
   |
61 |     let detection = Detection::builder()
   |         ^^^^^^^^^ help: if this is intentional, prefix it with an underscore: `_detection`

warning: unused variable: `engine`
  --> tests/golden_autofix_tests.rs:69:9
   |
69 |     let engine = AutofixEngine::new();
   |         ^^^^^^ help: if this is intentional, prefix it with an underscore: `_engine`

warning: unused variable: `detection`
  --> tests/golden_autofix_tests.rs:78:9
   |
78 |     let detection = Detection::builder()
   |         ^^^^^^^^^ help: if this is intentional, prefix it with an underscore: `_detection`

warning: unused variable: `engine`
  --> tests/golden_autofix_tests.rs:86:9
   |
86 |     let engine = AutofixEngine::new();
   |         ^^^^^^ help: if this is intentional, prefix it with an underscore: `_engine`

warning: unused variable: `detection`
  --> tests/golden_autofix_tests.rs:95:9
   |
95 |     let detection = Detection::builder()
   |         ^^^^^^^^^ help: if this is intentional, prefix it with an underscore: `_detection`

warning: unused variable: `engine`
   --> tests/golden_autofix_tests.rs:103:9
    |
103 |     let engine = AutofixEngine::new();
    |         ^^^^^^ help: if this is intentional, prefix it with an underscore: `_engine`

warning: unused variable: `detection`
   --> tests/golden_autofix_tests.rs:112:9
    |
112 |     let detection = Detection::builder()
    |         ^^^^^^^^^ help: if this is intentional, prefix it with an underscore: `_detection`

warning: unused variable: `engine`
   --> tests/golden_autofix_tests.rs:120:9
    |
120 |     let engine = AutofixEngine::new();
    |         ^^^^^^ help: if this is intentional, prefix it with an underscore: `_engine`

warning: unused variable: `detection`
   --> tests/golden_autofix_tests.rs:129:9
    |
129 |     let detection = Detection::builder()
    |         ^^^^^^^^^ help: if this is intentional, prefix it with an underscore: `_detection`

warning: unused variable: `engine`
   --> tests/golden_autofix_tests.rs:137:9
    |
137 |     let engine = AutofixEngine::new();
    |         ^^^^^^ help: if this is intentional, prefix it with an underscore: `_engine`

warning: unused variable: `detections`
   --> tests/golden_autofix_tests.rs:146:9
    |
146 |     let detections = vec![
    |         ^^^^^^^^^^ help: if this is intentional, prefix it with an underscore: `_detections`

warning: unused variable: `engine`
   --> tests/golden_autofix_tests.rs:163:9
    |
163 |     let engine = AutofixEngine::new();
    |         ^^^^^^ help: if this is intentional, prefix it with an underscore: `_engine`

warning: unused variable: `detection`
   --> tests/golden_autofix_tests.rs:172:9
    |
172 |     let detection = Detection::builder()
    |         ^^^^^^^^^ help: if this is intentional, prefix it with an underscore: `_detection`

warning: unused variable: `engine`
   --> tests/golden_autofix_tests.rs:180:9
    |
180 |     let engine = AutofixEngine::new();
    |         ^^^^^^ help: if this is intentional, prefix it with an underscore: `_engine`

warning: `costpilot` (test "golden_autofix_tests") generated 23 warnings (run `cargo fix --test "golden_autofix_tests"` to apply 3 suggestions)
warning: unused import: `Severity`
 --> tests/cost_diff_validation_tests.rs:4:58
  |
4 | use costpilot::engines::shared::models::{ResourceChange, Severity, ChangeAction};
  |                                                          ^^^^^^^^
  |
  = note: `#[warn(unused_imports)]` (part of `#[warn(unused)]`) on by default

warning: unused import: `Severity`
 --> tests/golden_prediction_tests.rs:4:58
  |
4 | use costpilot::engines::shared::models::{ResourceChange, Severity, ChangeAction};
  |                                                          ^^^^^^^^
  |
  = note: `#[warn(unused_imports)]` (part of `#[warn(unused)]`) on by default

warning: function `load_golden_file` is never used
 --> tests/golden_prediction_tests.rs:9:4
  |
9 | fn load_golden_file(name: &str) -> String {
  |    ^^^^^^^^^^^^^^^^
  |
  = note: `#[warn(dead_code)]` (part of `#[warn(unused)]`) on by default

warning: unused import: `std::collections::HashMap`
 --> tests/wasm_determinism_tests.rs:1:5
  |
1 | use std::collections::HashMap;
  |     ^^^^^^^^^^^^^^^^^^^^^^^^^
  |
  = note: `#[warn(unused_imports)]` (part of `#[warn(unused)]`) on by default

warning: unused variable: `detection`
  --> tests/golden_explain_tests.rs:10:9
   |
10 |     let detection = Detection::builder()
   |         ^^^^^^^^^ help: if this is intentional, prefix it with an underscore: `_detection`
   |
   = note: `#[warn(unused_variables)]` (part of `#[warn(unused)]`) on by default

warning: unused variable: `resource`
  --> tests/golden_explain_tests.rs:53:9
   |
53 |     let resource = ResourceChange::builder()
   |         ^^^^^^^^ help: if this is intentional, prefix it with an underscore: `_resource`

warning: unused variable: `change`
  --> tests/golden_explain_tests.rs:74:9
   |
74 |     let change = ResourceChange::builder()
   |         ^^^^^^ help: if this is intentional, prefix it with an underscore: `_change`

warning: unused variable: `change`
  --> tests/golden_explain_tests.rs:92:9
   |
92 |     let change = ResourceChange::builder()
   |         ^^^^^^ help: if this is intentional, prefix it with an underscore: `_change`

warning: unused variable: `change`
   --> tests/golden_explain_tests.rs:117:9
    |
117 |     let change = ResourceChange::builder()
    |         ^^^^^^ help: if this is intentional, prefix it with an underscore: `_change`

warning: unused variable: `detections`
   --> tests/golden_explain_tests.rs:136:9
    |
136 |     let detections = vec![
    |         ^^^^^^^^^^ help: if this is intentional, prefix it with an underscore: `_detections`

warning: unused variable: `current`
   --> tests/golden_explain_tests.rs:163:9
    |
163 |     let current = ResourceChange::builder()
    |         ^^^^^^^ help: if this is intentional, prefix it with an underscore: `_current`

warning: `costpilot` (test "cost_diff_validation_tests") generated 1 warning (run `cargo fix --test "cost_diff_validation_tests"` to apply 1 suggestion)
warning: `costpilot` (test "golden_prediction_tests") generated 2 warnings (run `cargo fix --test "golden_prediction_tests"` to apply 1 suggestion)
warning: unused import: `serde_json::json`
 --> tests/baseline_tests.rs:4:5
  |
4 | use serde_json::json;
  |     ^^^^^^^^^^^^^^^^
  |
  = note: `#[warn(unused_imports)]` (part of `#[warn(unused)]`) on by default

warning: unused variable: `manager`
  --> tests/baseline_tests.rs:61:9
   |
61 |     let manager = BaselinesManager::from_config(config);
   |         ^^^^^^^ help: if this is intentional, prefix it with an underscore: `_manager`
   |
   = note: `#[warn(unused_variables)]` (part of `#[warn(unused)]`) on by default

warning: unused import: `std::time::Duration`
 --> tests/exemption_ci_tests.rs:1:5
  |
1 | use std::time::Duration;
  |     ^^^^^^^^^^^^^^^^^^^
  |
  = note: `#[warn(unused_imports)]` (part of `#[warn(unused)]`) on by default

warning: `costpilot` (test "golden_explain_tests") generated 7 warnings
warning: `costpilot` (test "wasm_determinism_tests") generated 1 warning (run `cargo fix --test "wasm_determinism_tests"` to apply 1 suggestion)
warning: unused import: `Severity`
 --> tests/zero_network_tests.rs:8:102
  |
8 |     use costpilot::engines::shared::models::{ResourceChange, ChangeAction, CostEstimate, CostImpact, Severity};
  |                                                                                                      ^^^^^^^^
  |
  = note: `#[warn(unused_imports)]` (part of `#[warn(unused)]`) on by default

warning: unused import: `std::collections::HashMap`
  --> tests/zero_network_tests.rs:13:9
   |
13 |     use std::collections::HashMap;
   |         ^^^^^^^^^^^^^^^^^^^^^^^^^

warning: `costpilot` (test "baseline_tests") generated 2 warnings (run `cargo fix --test "baseline_tests"` to apply 1 suggestion)
warning: unused `Result` that must be used
  --> tests/zero_network_tests.rs:88:9
   |
88 |         engine.add_policy(policy);
   |         ^^^^^^^^^^^^^^^^^^^^^^^^^
   |
   = note: this `Result` may be an `Err` variant, which should be handled
   = note: `#[warn(unused_must_use)]` (part of `#[warn(unused)]`) on by default
help: use `let _ = ...` to ignore the resulting value
   |
88 |         let _ = engine.add_policy(policy);
   |         +++++++

warning: `costpilot` (test "exemption_ci_tests") generated 1 warning (run `cargo fix --test "exemption_ci_tests"` to apply 1 suggestion)
warning: `costpilot` (test "zero_network_tests") generated 3 warnings (run `cargo fix --test "zero_network_tests"` to apply 2 suggestions)
warning: `costpilot` (lib test) generated 123 warnings (75 duplicates) (run `cargo fix --lib -p costpilot --tests` to apply 14 suggestions)
    Finished `test` profile [unoptimized + debuginfo] target(s) in 1m 01s
  Executable unittests src/lib.rs (target/debug/deps/costpilot-908d03fb694a5ffb)
  Executable unittests src/bin/costpilot.rs (target/debug/deps/costpilot-3f345bfd699f2337)
  Executable tests/approval_reference_tests.rs (target/debug/deps/approval_reference_tests-733816696c25ec79)
  Executable tests/baseline_tests.rs (target/debug/deps/baseline_tests-62a084b2c44c2f98)
  Executable tests/cost_diff_validation_tests.rs (target/debug/deps/cost_diff_validation_tests-5401c5648e1145af)
  Executable tests/critical_drift_tests.rs (target/debug/deps/critical_drift_tests-3a367c941af99186)
  Executable tests/drift_autofix_snapshot_tests.rs (target/debug/deps/drift_autofix_snapshot_tests-c6bae7bb0c5d4387)
  Executable tests/drift_checksum_tests.rs (target/debug/deps/drift_checksum_tests-315c5295e8aaac34)
  Executable tests/error_model_tests.rs (target/debug/deps/error_model_tests-97ee3f994f5de1ed)
  Executable tests/exemption_ci_tests.rs (target/debug/deps/exemption_ci_tests-fa7c26c46d4a8af7)
  Executable tests/golden_autofix_tests.rs (target/debug/deps/golden_autofix_tests-0e4787968323922d)
  Executable tests/golden_explain_tests.rs (target/debug/deps/golden_explain_tests-8bd3d0e90651f94f)
  Executable tests/golden_mapping_tests.rs (target/debug/deps/golden_mapping_tests-cef3bbf8a1b5fcd2)
  Executable tests/golden_prediction_tests.rs (target/debug/deps/golden_prediction_tests-4369a5319b5a47a1)
  Executable tests/mapping_json_validation_tests.rs (target/debug/deps/mapping_json_validation_tests-0ec94ee9842579e6)
  Executable tests/snapshot_cdk_tests.rs (target/debug/deps/snapshot_cdk_tests-d862887219c39377)
  Executable tests/snapshot_cloudformation_tests.rs (target/debug/deps/snapshot_cloudformation_tests-11bebf94dd331388)
  Executable tests/snapshot_terraform_tests.rs (target/debug/deps/snapshot_terraform_tests-a2ea8c857744d197)
  Executable tests/wasm_determinism_tests.rs (target/debug/deps/wasm_determinism_tests-cd84d6ad0dad2126)
  Executable tests/wasm_memory_tests.rs (target/debug/deps/wasm_memory_tests-1b0443edd7fb2be8)
  Executable tests/wasm_size_tests.rs (target/debug/deps/wasm_size_tests-60ae63bfe4c6561e)
  Executable tests/zero_network_tests.rs (target/debug/deps/zero_network_tests-3b2206bda1fe1c83)
